PLocProviderKit/build/outputs/logs/manifest-merger-debug-report.txt
-- Merging decision tree log ---
manifest
ADDED from cradle\PLocProviderKit\AndroidManifest.xml:2:1-4:12
INJECTED from cradle\PLocProviderKit\AndroidManifest.xml:2:1-4:12
INJECTED from cradle\PLocProviderKit\AndroidManifest.xml:2:1-4:12
INJECTED from cradle\PLocProviderKit\AndroidManifest.xml:2:1-4:12
INJECTED from cradle\PLocProviderKit\AndroidManifest.xml:2:1-4:12
INJECTED from cradle\PLocProviderKit\AndroidManifest.xml:2:1-4:12
INJECTED from cradle\PLocProviderKit\AndroidManifest.xml:2:1-4:12
	package
		ADDED from cradle\PLocProviderKit\AndroidManifest.xml:2:11-55
		INJECTED from cradle\PLocProviderKit\AndroidManifest.xml
		INJECTED from cradle\PLocProviderKit\AndroidManifest.xml
	android:versionName
		INJECTED from cradle\PLocProviderKit\AndroidManifest.xml
		ADDED from cradle\PLocProviderKit\AndroidManifest.xml:2:1-4:12
		INJECTED from cradle\PLocProviderKit\AndroidManifest.xml
	xmlns:android
		ADDED from cradle\PLocProviderKit\AndroidManifest.xml:2:1-4:12
	android:versionCode
		INJECTED from cradle\PLocProviderKit\AndroidManifest.xml
		ADDED from cradle\PLocProviderKit\AndroidManifest.xml:2:1-4:12
		INJECTED from cradle\PLocProviderKit\AndroidManifest.xml
uses-sdk
INJECTED from cradle\PLocProviderKit\AndroidManifest.xml reason: use-sdk injection requested
INJECTED from cradle\PLocProviderKit\AndroidManifest.xml
INJECTED from cradle\PLocProviderKit\AndroidManifest.xml
INJECTED from cradle\PLocProviderKit\AndroidManifest.xml
INJECTED from cradle\PLocProviderKit\AndroidManifest.xml
	android:targetSdkVersion
		INJECTED from cradle\PLocProviderKit\AndroidManifest.xml
		ADDED from cradle\PLocProviderKit\AndroidManifest.xml
		INJECTED from cradle\PLocProviderKit\AndroidManifest.xml
	android:minSdkVersion
		INJECTED from cradle\PLocProviderKit\AndroidManifest.xml
		ADDED from cradle\PLocProviderKit\AndroidManifest.xml
		INJECTED from cradle\PLocProviderKit\AndroidManifest.xml